2025-08-11 14:52:55,962 INFO: Initializing I2C bus
2025-08-11 14:52:55,962 INFO: Reading WHO_AM_I register
2025-08-11 14:52:55,963 INFO: WHO_AM_I: 0x40
2025-08-11 14:52:55,963 INFO: Initializing MQTT client
2025-08-11 14:52:55,974 INFO: Initializing magnetometer
2025-08-11 14:52:55,995 INFO: Connected to MQTT broker
2025-08-11 14:52:55,996 INFO: Published device connect message
2025-08-11 14:52:56,012 DEBUG: Message 1 published
2025-08-11 14:52:56,075 INFO: CFG_REG_A_M: 0x0c
2025-08-11 14:52:56,075 INFO: Starting main loop
2025-08-11 14:52:56,076 DEBUG: Reading STATUS_REG_M
2025-08-11 14:52:56,076 DEBUG: STATUS_M: 0xff
2025-08-11 14:52:56,077 DEBUG: Reading magnetometer data
2025-08-11 14:52:56,078 DEBUG: Raw data: [156, 0, 167, 255, 243, 253]
2025-08-11 14:52:56,078 INFO: Magnetic Field - X: 234.00 mG, Y: -133.50 mG, Z: -787.50 mG
2025-08-11 14:52:56,078 DEBUG: Publishing telemetry
2025-08-11 14:52:56,089 DEBUG: Message 2 published
2025-08-11 14:52:57,079 DEBUG: Reading STATUS_REG_M
2025-08-11 14:52:57,080 DEBUG: STATUS_M: 0xff
2025-08-11 14:52:57,080 DEBUG: Reading magnetometer data
2025-08-11 14:52:57,081 DEBUG: Raw data: [148, 0, 172, 255, 244, 253]
2025-08-11 14:52:57,081 INFO: Magnetic Field - X: 222.00 mG, Y: -126.00 mG, Z: -786.00 mG
2025-08-11 14:52:57,081 DEBUG: Publishing telemetry
2025-08-11 14:52:57,092 DEBUG: Message 3 published
2025-08-11 14:52:58,082 DEBUG: Reading STATUS_REG_M
2025-08-11 14:52:58,083 DEBUG: STATUS_M: 0xff
2025-08-11 14:52:58,083 DEBUG: Reading magnetometer data
2025-08-11 14:52:58,084 DEBUG: Raw data: [154, 0, 170, 255, 240, 253]
2025-08-11 14:52:58,084 INFO: Magnetic Field - X: 231.00 mG, Y: -129.00 mG, Z: -792.00 mG
2025-08-11 14:52:58,085 DEBUG: Publishing telemetry
2025-08-11 14:52:58,098 DEBUG: Message 4 published
2025-08-11 14:52:59,085 DEBUG: Reading STATUS_REG_M
2025-08-11 14:52:59,086 DEBUG: STATUS_M: 0xff
2025-08-11 14:52:59,086 DEBUG: Reading magnetometer data
2025-08-11 14:52:59,087 DEBUG: Raw data: [145, 0, 168, 255, 236, 253]
2025-08-11 14:52:59,088 INFO: Magnetic Field - X: 217.50 mG, Y: -132.00 mG, Z: -798.00 mG
2025-08-11 14:52:59,088 DEBUG: Publishing telemetry
2025-08-11 14:52:59,100 DEBUG: Message 5 published
2025-08-11 14:53:00,088 DEBUG: Reading STATUS_REG_M
2025-08-11 14:53:00,089 DEBUG: STATUS_M: 0xff
2025-08-11 14:53:00,090 DEBUG: Reading magnetometer data
2025-08-11 14:53:00,091 DEBUG: Raw data: [148, 0, 167, 255, 244, 253]
2025-08-11 14:53:00,091 INFO: Magnetic Field - X: 222.00 mG, Y: -133.50 mG, Z: -786.00 mG
2025-08-11 14:53:00,091 DEBUG: Publishing telemetry
2025-08-11 14:53:00,103 DEBUG: Message 6 published
2025-08-11 14:53:01,092 DEBUG: Reading STATUS_REG_M
2025-08-11 14:53:01,093 DEBUG: STATUS_M: 0xff
2025-08-11 14:53:01,094 DEBUG: Reading magnetometer data
2025-08-11 14:53:01,095 DEBUG: Raw data: [152, 0, 169, 255, 240, 253]
2025-08-11 14:53:01,096 INFO: Magnetic Field - X: 228.00 mG, Y: -130.50 mG, Z: -792.00 mG
2025-08-11 14:53:01,097 DEBUG: Publishing telemetry
2025-08-11 14:53:02,064 INFO: Connected to MQTT broker
2025-08-11 14:53:02,064 INFO: Published device connect message
2025-08-11 14:53:02,077 DEBUG: Message 8 published
2025-08-11 14:53:02,080 DEBUG: Message 7 published
2025-08-11 14:53:02,097 DEBUG: Reading STATUS_REG_M
2025-08-11 14:53:02,098 DEBUG: STATUS_M: 0xff
2025-08-11 14:53:02,099 DEBUG: Reading magnetometer data
2025-08-11 14:53:02,100 DEBUG: Raw data: [149, 0, 171, 255, 244, 253]
2025-08-11 14:53:02,100 INFO: Magnetic Field - X: 223.50 mG, Y: -127.50 mG, Z: -786.00 mG
2025-08-11 14:53:02,100 DEBUG: Publishing telemetry
2025-08-11 14:53:02,111 DEBUG: Message 9 published
2025-08-11 14:53:03,101 DEBUG: Reading STATUS_REG_M
2025-08-11 14:53:03,102 DEBUG: STATUS_M: 0xff
2025-08-11 14:53:03,102 DEBUG: Reading magnetometer data
2025-08-11 14:53:03,103 DEBUG: Raw data: [149, 0, 174, 255, 239, 253]
2025-08-11 14:53:03,103 INFO: Magnetic Field - X: 223.50 mG, Y: -123.00 mG, Z: -793.50 mG
2025-08-11 14:53:03,103 DEBUG: Publishing telemetry
2025-08-11 14:53:03,121 DEBUG: Message 10 published
2025-08-11 14:53:04,104 DEBUG: Reading STATUS_REG_M
2025-08-11 14:53:04,105 DEBUG: STATUS_M: 0xff
2025-08-11 14:53:04,105 DEBUG: Reading magnetometer data
2025-08-11 14:53:04,106 DEBUG: Raw data: [147, 0, 172, 255, 240, 253]
2025-08-11 14:53:04,107 INFO: Magnetic Field - X: 220.50 mG, Y: -126.00 mG, Z: -792.00 mG
2025-08-11 14:53:04,107 DEBUG: Publishing telemetry
2025-08-11 14:53:04,180 DEBUG: Message 11 published
2025-08-11 14:53:05,107 DEBUG: Reading STATUS_REG_M
2025-08-11 14:53:05,108 DEBUG: STATUS_M: 0xff
2025-08-11 14:53:05,109 DEBUG: Reading magnetometer data
2025-08-11 14:53:05,110 DEBUG: Raw data: [149, 0, 169, 255, 240, 253]
2025-08-11 14:53:05,110 INFO: Magnetic Field - X: 223.50 mG, Y: -130.50 mG, Z: -792.00 mG
2025-08-11 14:53:05,110 DEBUG: Publishing telemetry
2025-08-11 14:53:05,127 DEBUG: Message 12 published
2025-08-11 14:53:06,111 DEBUG: Reading STATUS_REG_M
2025-08-11 14:53:06,112 DEBUG: STATUS_M: 0xff
2025-08-11 14:53:06,112 DEBUG: Reading magnetometer data
2025-08-11 14:53:06,113 DEBUG: Raw data: [152, 0, 171, 255, 241, 253]
2025-08-11 14:53:06,115 INFO: Magnetic Field - X: 228.00 mG, Y: -127.50 mG, Z: -790.50 mG
2025-08-11 14:53:06,116 DEBUG: Publishing telemetry
2025-08-11 14:53:06,130 DEBUG: Message 13 published
2025-08-11 14:53:07,116 DEBUG: Reading STATUS_REG_M
2025-08-11 14:53:07,117 DEBUG: STATUS_M: 0xff
2025-08-11 14:53:07,118 DEBUG: Reading magnetometer data
2025-08-11 14:53:07,119 DEBUG: Raw data: [148, 0, 169, 255, 239, 253]
2025-08-11 14:53:07,120 INFO: Magnetic Field - X: 222.00 mG, Y: -130.50 mG, Z: -793.50 mG
2025-08-11 14:53:07,120 DEBUG: Publishing telemetry
2025-08-11 14:53:08,121 DEBUG: Reading STATUS_REG_M
2025-08-11 14:53:08,122 DEBUG: STATUS_M: 0xff
2025-08-11 14:53:08,123 DEBUG: Reading magnetometer data
2025-08-11 14:53:08,124 DEBUG: Raw data: [149, 0, 167, 255, 242, 253]
2025-08-11 14:53:08,124 INFO: Magnetic Field - X: 223.50 mG, Y: -133.50 mG, Z: -789.00 mG
2025-08-11 14:53:08,125 DEBUG: Publishing telemetry
2025-08-11 14:53:08,192 INFO: Connected to MQTT broker
2025-08-11 14:53:08,194 INFO: Published device connect message
2025-08-11 14:53:08,208 DEBUG: Message 16 published
2025-08-11 14:53:08,211 DEBUG: Message 14 published
2025-08-11 14:53:08,212 DEBUG: Message 15 published
2025-08-11 14:53:09,126 DEBUG: Reading STATUS_REG_M
2025-08-11 14:53:09,127 DEBUG: STATUS_M: 0xff
2025-08-11 14:53:09,127 DEBUG: Reading magnetometer data
2025-08-11 14:53:09,128 DEBUG: Raw data: [152, 0, 171, 255, 250, 253]
2025-08-11 14:53:09,129 INFO: Magnetic Field - X: 228.00 mG, Y: -127.50 mG, Z: -777.00 mG
2025-08-11 14:53:09,129 DEBUG: Publishing telemetry
2025-08-11 14:53:09,140 DEBUG: Message 17 published
2025-08-11 14:53:10,130 DEBUG: Reading STATUS_REG_M
2025-08-11 14:53:10,131 DEBUG: STATUS_M: 0xff
2025-08-11 14:53:10,132 DEBUG: Reading magnetometer data
2025-08-11 14:53:10,133 DEBUG: Raw data: [152, 0, 168, 255, 238, 253]
2025-08-11 14:53:10,133 INFO: Magnetic Field - X: 228.00 mG, Y: -132.00 mG, Z: -795.00 mG
2025-08-11 14:53:10,134 DEBUG: Publishing telemetry
2025-08-11 14:53:10,228 DEBUG: Message 18 published
2025-08-11 14:53:11,135 DEBUG: Reading STATUS_REG_M
2025-08-11 14:53:11,136 DEBUG: STATUS_M: 0xff
2025-08-11 14:53:11,138 DEBUG: Reading magnetometer data
2025-08-11 14:53:11,140 DEBUG: Raw data: [149, 0, 170, 255, 237, 253]
2025-08-11 14:53:11,140 INFO: Magnetic Field - X: 223.50 mG, Y: -129.00 mG, Z: -796.50 mG
2025-08-11 14:53:11,140 DEBUG: Publishing telemetry
2025-08-11 14:53:11,246 DEBUG: Message 19 published
2025-08-11 14:53:12,141 DEBUG: Reading STATUS_REG_M
2025-08-11 14:53:12,142 DEBUG: STATUS_M: 0xff
2025-08-11 14:53:12,143 DEBUG: Reading magnetometer data
2025-08-11 14:53:12,145 DEBUG: Raw data: [152, 0, 164, 255, 241, 253]
2025-08-11 14:53:12,146 INFO: Magnetic Field - X: 228.00 mG, Y: -138.00 mG, Z: -790.50 mG
2025-08-11 14:53:12,146 DEBUG: Publishing telemetry
2025-08-11 14:53:12,162 DEBUG: Message 20 published
2025-08-11 14:53:13,148 DEBUG: Reading STATUS_REG_M
2025-08-11 14:53:13,148 DEBUG: STATUS_M: 0xff
2025-08-11 14:53:13,149 DEBUG: Reading magnetometer data
2025-08-11 14:53:13,150 DEBUG: Raw data: [143, 0, 173, 255, 235, 253]
2025-08-11 14:53:13,150 INFO: Magnetic Field - X: 214.50 mG, Y: -124.50 mG, Z: -799.50 mG
2025-08-11 14:53:13,150 DEBUG: Publishing telemetry
2025-08-11 14:53:13,165 DEBUG: Message 21 published
2025-08-11 14:53:14,151 DEBUG: Reading STATUS_REG_M
2025-08-11 14:53:14,152 DEBUG: STATUS_M: 0xff
2025-08-11 14:53:14,152 DEBUG: Reading magnetometer data
2025-08-11 14:53:14,153 DEBUG: Raw data: [148, 0, 166, 255, 237, 253]
2025-08-11 14:53:14,153 INFO: Magnetic Field - X: 222.00 mG, Y: -135.00 mG, Z: -796.50 mG
2025-08-11 14:53:14,154 DEBUG: Publishing telemetry
2025-08-11 14:53:14,265 INFO: Connected to MQTT broker
2025-08-11 14:53:14,266 INFO: Published device connect message
2025-08-11 14:53:14,277 DEBUG: Message 23 published
2025-08-11 14:53:14,281 DEBUG: Message 22 published
2025-08-11 14:53:15,154 DEBUG: Reading STATUS_REG_M
2025-08-11 14:53:15,155 DEBUG: STATUS_M: 0xff
2025-08-11 14:53:15,155 DEBUG: Reading magnetometer data
2025-08-11 14:53:15,156 DEBUG: Raw data: [146, 0, 168, 255, 243, 253]
2025-08-11 14:53:15,156 INFO: Magnetic Field - X: 219.00 mG, Y: -132.00 mG, Z: -787.50 mG
2025-08-11 14:53:15,157 DEBUG: Publishing telemetry
2025-08-11 14:53:15,393 DEBUG: Message 24 published
2025-08-11 14:53:16,157 DEBUG: Reading STATUS_REG_M
2025-08-11 14:53:16,158 DEBUG: STATUS_M: 0xff
2025-08-11 14:53:16,159 DEBUG: Reading magnetometer data
2025-08-11 14:53:16,160 DEBUG: Raw data: [152, 0, 167, 255, 237, 253]
2025-08-11 14:53:16,160 INFO: Magnetic Field - X: 228.00 mG, Y: -133.50 mG, Z: -796.50 mG
2025-08-11 14:53:16,160 DEBUG: Publishing telemetry
2025-08-11 14:53:16,174 DEBUG: Message 25 published
2025-08-11 14:53:17,161 DEBUG: Reading STATUS_REG_M
2025-08-11 14:53:17,162 DEBUG: STATUS_M: 0xff
2025-08-11 14:53:17,162 DEBUG: Reading magnetometer data
2025-08-11 14:53:17,163 DEBUG: Raw data: [148, 0, 170, 255, 241, 253]
2025-08-11 14:53:17,163 INFO: Magnetic Field - X: 222.00 mG, Y: -129.00 mG, Z: -790.50 mG
2025-08-11 14:53:17,163 DEBUG: Publishing telemetry
2025-08-11 14:53:17,176 DEBUG: Message 26 published
2025-08-11 14:53:18,164 DEBUG: Reading STATUS_REG_M
2025-08-11 14:53:18,165 DEBUG: STATUS_M: 0xff
2025-08-11 14:53:18,165 DEBUG: Reading magnetometer data
2025-08-11 14:53:18,167 DEBUG: Raw data: [146, 0, 168, 255, 239, 253]
2025-08-11 14:53:18,167 INFO: Magnetic Field - X: 219.00 mG, Y: -132.00 mG, Z: -793.50 mG
2025-08-11 14:53:18,168 DEBUG: Publishing telemetry
2025-08-11 14:53:18,210 DEBUG: Message 27 published
2025-08-11 14:53:19,169 DEBUG: Reading STATUS_REG_M
2025-08-11 14:53:19,171 DEBUG: STATUS_M: 0xff
2025-08-11 14:53:19,171 DEBUG: Reading magnetometer data
2025-08-11 14:53:19,173 DEBUG: Raw data: [152, 0, 165, 255, 244, 253]
2025-08-11 14:53:19,174 INFO: Magnetic Field - X: 228.00 mG, Y: -136.50 mG, Z: -786.00 mG
2025-08-11 14:53:19,174 DEBUG: Publishing telemetry
2025-08-11 14:53:19,237 DEBUG: Message 28 published
2025-08-11 14:53:20,176 DEBUG: Reading STATUS_REG_M
2025-08-11 14:53:20,177 DEBUG: STATUS_M: 0xff
2025-08-11 14:53:20,177 DEBUG: Reading magnetometer data
2025-08-11 14:53:20,179 DEBUG: Raw data: [147, 0, 163, 255, 239, 253]
2025-08-11 14:53:20,180 INFO: Magnetic Field - X: 220.50 mG, Y: -139.50 mG, Z: -793.50 mG
2025-08-11 14:53:20,181 DEBUG: Publishing telemetry
2025-08-11 14:53:20,335 INFO: Connected to MQTT broker
2025-08-11 14:53:20,336 INFO: Published device connect message
2025-08-11 14:53:20,350 DEBUG: Message 30 published
2025-08-11 14:53:20,352 DEBUG: Message 29 published
2025-08-11 14:53:21,181 DEBUG: Reading STATUS_REG_M
2025-08-11 14:53:21,183 DEBUG: STATUS_M: 0xff
2025-08-11 14:53:21,184 DEBUG: Reading magnetometer data
2025-08-11 14:53:21,186 DEBUG: Raw data: [152, 0, 164, 255, 240, 253]
2025-08-11 14:53:21,187 INFO: Magnetic Field - X: 228.00 mG, Y: -138.00 mG, Z: -792.00 mG
2025-08-11 14:53:21,187 DEBUG: Publishing telemetry
2025-08-11 14:53:21,288 DEBUG: Message 31 published
2025-08-11 14:53:22,188 DEBUG: Reading STATUS_REG_M
2025-08-11 14:53:22,189 DEBUG: STATUS_M: 0xff
2025-08-11 14:53:22,190 DEBUG: Reading magnetometer data
2025-08-11 14:53:22,191 DEBUG: Raw data: [154, 0, 172, 255, 238, 253]
2025-08-11 14:53:22,192 INFO: Magnetic Field - X: 231.00 mG, Y: -126.00 mG, Z: -795.00 mG
2025-08-11 14:53:22,192 DEBUG: Publishing telemetry
2025-08-11 14:53:22,305 DEBUG: Message 32 published
2025-08-11 14:53:23,193 DEBUG: Reading STATUS_REG_M
2025-08-11 14:53:23,194 DEBUG: STATUS_M: 0xff
2025-08-11 14:53:23,194 DEBUG: Reading magnetometer data
2025-08-11 14:53:23,195 DEBUG: Raw data: [150, 0, 170, 255, 240, 253]
2025-08-11 14:53:23,195 INFO: Magnetic Field - X: 225.00 mG, Y: -129.00 mG, Z: -792.00 mG
2025-08-11 14:53:23,195 DEBUG: Publishing telemetry
2025-08-11 14:53:23,228 DEBUG: Message 33 published
2025-08-11 14:53:24,196 DEBUG: Reading STATUS_REG_M
2025-08-11 14:53:24,197 DEBUG: STATUS_M: 0xff
2025-08-11 14:53:24,197 DEBUG: Reading magnetometer data
2025-08-11 14:53:24,198 DEBUG: Raw data: [150, 0, 168, 255, 240, 253]
2025-08-11 14:53:24,198 INFO: Magnetic Field - X: 225.00 mG, Y: -132.00 mG, Z: -792.00 mG
2025-08-11 14:53:24,198 DEBUG: Publishing telemetry
2025-08-11 14:53:24,251 DEBUG: Message 34 published
2025-08-11 14:53:25,199 DEBUG: Reading STATUS_REG_M
2025-08-11 14:53:25,199 DEBUG: STATUS_M: 0xff
2025-08-11 14:53:25,199 DEBUG: Reading magnetometer data
2025-08-11 14:53:25,201 DEBUG: Raw data: [150, 0, 172, 255, 244, 253]
2025-08-11 14:53:25,201 INFO: Magnetic Field - X: 225.00 mG, Y: -126.00 mG, Z: -786.00 mG
2025-08-11 14:53:25,201 DEBUG: Publishing telemetry
2025-08-11 14:53:25,277 DEBUG: Message 35 published
2025-08-11 14:53:26,201 DEBUG: Reading STATUS_REG_M
2025-08-11 14:53:26,202 DEBUG: STATUS_M: 0xff
2025-08-11 14:53:26,202 DEBUG: Reading magnetometer data
2025-08-11 14:53:26,203 DEBUG: Raw data: [147, 0, 174, 255, 240, 253]
2025-08-11 14:53:26,204 INFO: Magnetic Field - X: 220.50 mG, Y: -123.00 mG, Z: -792.00 mG
2025-08-11 14:53:26,204 DEBUG: Publishing telemetry
2025-08-11 14:53:26,412 INFO: Connected to MQTT broker
2025-08-11 14:53:26,413 INFO: Published device connect message
2025-08-11 14:53:26,425 DEBUG: Message 37 published
2025-08-11 14:53:26,428 DEBUG: Message 36 published
2025-08-11 14:53:27,204 DEBUG: Reading STATUS_REG_M
2025-08-11 14:53:27,205 DEBUG: STATUS_M: 0xff
2025-08-11 14:53:27,205 DEBUG: Reading magnetometer data
2025-08-11 14:53:27,206 DEBUG: Raw data: [148, 0, 176, 255, 239, 253]
2025-08-11 14:53:27,206 INFO: Magnetic Field - X: 222.00 mG, Y: -120.00 mG, Z: -793.50 mG
2025-08-11 14:53:27,206 DEBUG: Publishing telemetry
2025-08-11 14:53:27,221 DEBUG: Message 38 published
2025-08-11 14:53:28,207 DEBUG: Reading STATUS_REG_M
2025-08-11 14:53:28,208 DEBUG: STATUS_M: 0xff
2025-08-11 14:53:28,208 DEBUG: Reading magnetometer data
2025-08-11 14:53:28,210 DEBUG: Raw data: [144, 0, 168, 255, 237, 253]
2025-08-11 14:53:28,210 INFO: Magnetic Field - X: 216.00 mG, Y: -132.00 mG, Z: -796.50 mG
2025-08-11 14:53:28,211 DEBUG: Publishing telemetry
2025-08-11 14:53:28,223 DEBUG: Message 39 published
2025-08-11 14:53:29,212 DEBUG: Reading STATUS_REG_M
2025-08-11 14:53:29,213 DEBUG: STATUS_M: 0xff
2025-08-11 14:53:29,213 DEBUG: Reading magnetometer data
2025-08-11 14:53:29,215 DEBUG: Raw data: [152, 0, 166, 255, 238, 253]
2025-08-11 14:53:29,215 INFO: Magnetic Field - X: 228.00 mG, Y: -135.00 mG, Z: -795.00 mG
2025-08-11 14:53:29,216 DEBUG: Publishing telemetry
2025-08-11 14:53:29,238 DEBUG: Message 40 published
2025-08-11 14:53:30,217 DEBUG: Reading STATUS_REG_M
2025-08-11 14:53:30,219 DEBUG: STATUS_M: 0xff
2025-08-11 14:53:30,219 DEBUG: Reading magnetometer data
2025-08-11 14:53:30,221 DEBUG: Raw data: [147, 0, 169, 255, 243, 253]
2025-08-11 14:53:30,221 INFO: Magnetic Field - X: 220.50 mG, Y: -130.50 mG, Z: -787.50 mG
2025-08-11 14:53:30,222 DEBUG: Publishing telemetry
2025-08-11 14:53:30,243 DEBUG: Message 41 published
2025-08-11 14:53:31,224 DEBUG: Reading STATUS_REG_M
2025-08-11 14:53:31,225 DEBUG: STATUS_M: 0xff
2025-08-11 14:53:31,227 DEBUG: Reading magnetometer data
2025-08-11 14:53:31,228 DEBUG: Raw data: [154, 0, 169, 255, 240, 253]
2025-08-11 14:53:31,228 INFO: Magnetic Field - X: 231.00 mG, Y: -130.50 mG, Z: -792.00 mG
2025-08-11 14:53:31,229 DEBUG: Publishing telemetry
2025-08-11 14:53:31,320 DEBUG: Message 42 published
2025-08-11 14:53:32,230 DEBUG: Reading STATUS_REG_M
2025-08-11 14:53:32,231 DEBUG: STATUS_M: 0xff
2025-08-11 14:53:32,232 DEBUG: Reading magnetometer data
2025-08-11 14:53:32,234 DEBUG: Raw data: [148, 0, 169, 255, 242, 253]
2025-08-11 14:53:32,234 INFO: Magnetic Field - X: 222.00 mG, Y: -130.50 mG, Z: -789.00 mG
2025-08-11 14:53:32,235 DEBUG: Publishing telemetry
2025-08-11 14:53:32,476 INFO: Connected to MQTT broker
2025-08-11 14:53:32,478 INFO: Published device connect message
2025-08-11 14:53:32,492 DEBUG: Message 44 published
2025-08-11 14:53:32,495 DEBUG: Message 43 published
2025-08-11 14:53:33,236 DEBUG: Reading STATUS_REG_M
2025-08-11 14:53:33,237 DEBUG: STATUS_M: 0xff
2025-08-11 14:53:33,238 DEBUG: Reading magnetometer data
2025-08-11 14:53:33,240 DEBUG: Raw data: [151, 0, 167, 255, 246, 253]
2025-08-11 14:53:33,241 INFO: Magnetic Field - X: 226.50 mG, Y: -133.50 mG, Z: -783.00 mG
2025-08-11 14:53:33,241 DEBUG: Publishing telemetry
2025-08-11 14:53:33,265 DEBUG: Message 45 published
2025-08-11 14:53:34,242 DEBUG: Reading STATUS_REG_M
2025-08-11 14:53:34,244 DEBUG: STATUS_M: 0xff
2025-08-11 14:53:34,244 DEBUG: Reading magnetometer data
2025-08-11 14:53:34,245 DEBUG: Raw data: [152, 0, 174, 255, 241, 253]
2025-08-11 14:53:34,246 INFO: Magnetic Field - X: 228.00 mG, Y: -123.00 mG, Z: -790.50 mG
2025-08-11 14:53:34,246 DEBUG: Publishing telemetry
2025-08-11 14:53:34,291 DEBUG: Message 46 published
2025-08-11 14:53:35,248 DEBUG: Reading STATUS_REG_M
2025-08-11 14:53:35,249 DEBUG: STATUS_M: 0xff
2025-08-11 14:53:35,249 DEBUG: Reading magnetometer data
2025-08-11 14:53:35,250 DEBUG: Raw data: [150, 0, 172, 255, 239, 253]
2025-08-11 14:53:35,251 INFO: Magnetic Field - X: 225.00 mG, Y: -126.00 mG, Z: -793.50 mG
2025-08-11 14:53:35,251 DEBUG: Publishing telemetry
2025-08-11 14:53:35,314 DEBUG: Message 47 published
2025-08-11 14:53:36,252 DEBUG: Reading STATUS_REG_M
2025-08-11 14:53:36,253 DEBUG: STATUS_M: 0xff
2025-08-11 14:53:36,255 DEBUG: Reading magnetometer data
2025-08-11 14:53:36,257 DEBUG: Raw data: [151, 0, 175, 255, 242, 253]
2025-08-11 14:53:36,257 INFO: Magnetic Field - X: 226.50 mG, Y: -121.50 mG, Z: -789.00 mG
2025-08-11 14:53:36,258 DEBUG: Publishing telemetry
2025-08-11 14:53:36,268 DEBUG: Message 48 published
2025-08-11 14:53:37,259 DEBUG: Reading STATUS_REG_M
2025-08-11 14:53:37,260 DEBUG: STATUS_M: 0xff
2025-08-11 14:53:37,260 DEBUG: Reading magnetometer data
2025-08-11 14:53:37,262 DEBUG: Raw data: [146, 0, 165, 255, 239, 253]
2025-08-11 14:53:37,262 INFO: Magnetic Field - X: 219.00 mG, Y: -136.50 mG, Z: -793.50 mG
2025-08-11 14:53:37,263 DEBUG: Publishing telemetry
2025-08-11 14:53:37,365 DEBUG: Message 49 published
2025-08-11 14:53:38,264 DEBUG: Reading STATUS_REG_M
2025-08-11 14:53:38,265 DEBUG: STATUS_M: 0xff
2025-08-11 14:53:38,266 DEBUG: Reading magnetometer data
2025-08-11 14:53:38,267 DEBUG: Raw data: [145, 0, 170, 255, 247, 253]
2025-08-11 14:53:38,267 INFO: Magnetic Field - X: 217.50 mG, Y: -129.00 mG, Z: -781.50 mG
2025-08-11 14:53:38,268 DEBUG: Publishing telemetry
2025-08-11 14:53:38,604 INFO: Connected to MQTT broker
2025-08-11 14:53:38,606 INFO: Published device connect message
2025-08-11 14:53:38,619 DEBUG: Message 51 published
2025-08-11 14:53:38,623 DEBUG: Message 50 published
2025-08-11 14:53:39,268 DEBUG: Reading STATUS_REG_M
2025-08-11 14:53:39,270 DEBUG: STATUS_M: 0xff
2025-08-11 14:53:39,271 DEBUG: Reading magnetometer data
2025-08-11 14:53:39,272 DEBUG: Raw data: [154, 0, 170, 255, 243, 253]
2025-08-11 14:53:39,273 INFO: Magnetic Field - X: 231.00 mG, Y: -129.00 mG, Z: -787.50 mG
2025-08-11 14:53:39,274 DEBUG: Publishing telemetry
2025-08-11 14:53:39,290 DEBUG: Message 52 published
2025-08-11 14:53:40,275 DEBUG: Reading STATUS_REG_M
2025-08-11 14:53:40,276 DEBUG: STATUS_M: 0xff
2025-08-11 14:53:40,277 DEBUG: Reading magnetometer data
2025-08-11 14:53:40,278 DEBUG: Raw data: [146, 0, 169, 255, 239, 253]
2025-08-11 14:53:40,278 INFO: Magnetic Field - X: 219.00 mG, Y: -130.50 mG, Z: -793.50 mG
2025-08-11 14:53:40,279 DEBUG: Publishing telemetry
2025-08-11 14:53:40,302 DEBUG: Message 53 published
2025-08-11 14:53:41,280 DEBUG: Reading STATUS_REG_M
2025-08-11 14:53:41,281 DEBUG: STATUS_M: 0xff
2025-08-11 14:53:41,282 DEBUG: Reading magnetometer data
2025-08-11 14:53:41,283 DEBUG: Raw data: [144, 0, 167, 255, 237, 253]
2025-08-11 14:53:41,284 INFO: Magnetic Field - X: 216.00 mG, Y: -133.50 mG, Z: -796.50 mG
2025-08-11 14:53:41,284 DEBUG: Publishing telemetry
2025-08-11 14:53:41,300 DEBUG: Message 54 published
2025-08-11 14:53:42,285 DEBUG: Reading STATUS_REG_M
2025-08-11 14:53:42,287 DEBUG: STATUS_M: 0xff
2025-08-11 14:53:42,287 DEBUG: Reading magnetometer data
2025-08-11 14:53:42,288 DEBUG: Raw data: [153, 0, 173, 255, 243, 253]
2025-08-11 14:53:42,289 INFO: Magnetic Field - X: 229.50 mG, Y: -124.50 mG, Z: -787.50 mG
2025-08-11 14:53:42,289 DEBUG: Publishing telemetry
2025-08-11 14:53:42,304 DEBUG: Message 55 published
2025-08-11 14:53:43,291 DEBUG: Reading STATUS_REG_M
2025-08-11 14:53:43,292 DEBUG: STATUS_M: 0xff
2025-08-11 14:53:43,292 DEBUG: Reading magnetometer data
2025-08-11 14:53:43,293 DEBUG: Raw data: [142, 0, 171, 255, 245, 253]
2025-08-11 14:53:43,294 INFO: Magnetic Field - X: 213.00 mG, Y: -127.50 mG, Z: -784.50 mG
2025-08-11 14:53:43,294 DEBUG: Publishing telemetry
2025-08-11 14:53:43,313 DEBUG: Message 56 published
2025-08-11 14:53:44,296 DEBUG: Reading STATUS_REG_M
2025-08-11 14:53:44,297 DEBUG: STATUS_M: 0xff
2025-08-11 14:53:44,297 DEBUG: Reading magnetometer data
2025-08-11 14:53:44,298 DEBUG: Raw data: [148, 0, 171, 255, 242, 253]
2025-08-11 14:53:44,299 INFO: Magnetic Field - X: 222.00 mG, Y: -127.50 mG, Z: -789.00 mG
2025-08-11 14:53:44,299 DEBUG: Publishing telemetry
2025-08-11 14:53:44,758 INFO: Connected to MQTT broker
2025-08-11 14:53:44,759 INFO: Published device connect message
2025-08-11 14:53:44,772 DEBUG: Message 58 published
2025-08-11 14:53:44,775 DEBUG: Message 57 published
2025-08-11 14:53:45,300 DEBUG: Reading STATUS_REG_M
2025-08-11 14:53:45,301 DEBUG: STATUS_M: 0xff
2025-08-11 14:53:45,302 DEBUG: Reading magnetometer data
2025-08-11 14:53:45,304 DEBUG: Raw data: [152, 0, 174, 255, 239, 253]
2025-08-11 14:53:45,304 INFO: Magnetic Field - X: 228.00 mG, Y: -123.00 mG, Z: -793.50 mG
2025-08-11 14:53:45,305 DEBUG: Publishing telemetry
2025-08-11 14:53:45,347 DEBUG: Message 59 published
2025-08-11 14:53:46,306 DEBUG: Reading STATUS_REG_M
2025-08-11 14:53:46,307 DEBUG: STATUS_M: 0xff
2025-08-11 14:53:46,309 DEBUG: Reading magnetometer data
2025-08-11 14:53:46,310 DEBUG: Raw data: [144, 0, 169, 255, 237, 253]
2025-08-11 14:53:46,311 INFO: Magnetic Field - X: 216.00 mG, Y: -130.50 mG, Z: -796.50 mG
2025-08-11 14:53:46,311 DEBUG: Publishing telemetry
2025-08-11 14:53:46,327 DEBUG: Message 60 published
2025-08-11 14:53:47,312 DEBUG: Reading STATUS_REG_M
2025-08-11 14:53:47,313 DEBUG: STATUS_M: 0xff
2025-08-11 14:53:47,314 DEBUG: Reading magnetometer data
2025-08-11 14:53:47,315 DEBUG: Raw data: [148, 0, 168, 255, 241, 253]
2025-08-11 14:53:47,316 INFO: Magnetic Field - X: 222.00 mG, Y: -132.00 mG, Z: -790.50 mG
2025-08-11 14:53:47,316 DEBUG: Publishing telemetry
2025-08-11 14:53:47,335 DEBUG: Message 61 published
2025-08-11 14:53:48,317 DEBUG: Reading STATUS_REG_M
2025-08-11 14:53:48,318 DEBUG: STATUS_M: 0xff
2025-08-11 14:53:48,319 DEBUG: Reading magnetometer data
2025-08-11 14:53:48,320 DEBUG: Raw data: [150, 0, 166, 255, 237, 253]
2025-08-11 14:53:48,320 INFO: Magnetic Field - X: 225.00 mG, Y: -135.00 mG, Z: -796.50 mG
2025-08-11 14:53:48,321 DEBUG: Publishing telemetry
2025-08-11 14:53:48,351 DEBUG: Message 62 published
